#! /c/Source/iverilog-install/bin/vvp
:ivl_version "12.0 (devel)" "(s20150603-1110-g18392a46)";
:ivl_delay_selection "TYPICAL";
:vpi_time_precision - 12;
:vpi_module "C:\iverilog\lib\ivl\system.vpi";
:vpi_module "C:\iverilog\lib\ivl\vhdl_sys.vpi";
:vpi_module "C:\iverilog\lib\ivl\vhdl_textio.vpi";
:vpi_module "C:\iverilog\lib\ivl\v2005_math.vpi";
:vpi_module "C:\iverilog\lib\ivl\va_math.vpi";
S_000001db210d64c0 .scope module, "tb_boolean_func" "tb_boolean_func" 2 3;
 .timescale -9 -12;
v000001db21133810_0 .var "A", 0 0;
v000001db211334f0_0 .var "B", 0 0;
v000001db211339f0_0 .var "C", 0 0;
v000001db211333b0_0 .var "D", 0 0;
o000001db210ea398 .functor BUFZ 1, C4<z>; HiZ drive
v000001db211336d0_0 .net "F_beh", 0 0, o000001db210ea398;  0 drivers
v000001db21133630_0 .net "F_data", 0 0, L_000001db210e4760;  1 drivers
v000001db21133e50_0 .var/i "i", 31 0;
S_000001db210d6650 .scope module, "DUT" "combination" 2 9, 3 1 0, S_000001db210d64c0;
 .timescale -9 -12;
    .port_info 0 /INPUT 1 "A";
    .port_info 1 /INPUT 1 "B";
    .port_info 2 /INPUT 1 "C";
    .port_info 3 /INPUT 1 "D";
    .port_info 4 /OUTPUT 1 "F";
L_000001db20e738c0 .functor NOT 1, v000001db211334f0_0, C4<0>, C4<0>, C4<0>;
L_000001db20e73960 .functor NOT 1, v000001db211333b0_0, C4<0>, C4<0>, C4<0>;
L_000001db20e7e1c0 .functor AND 1, L_000001db20e738c0, L_000001db20e73960, C4<1>, C4<1>;
L_000001db210d5c00 .functor NOT 1, v000001db211334f0_0, C4<0>, C4<0>, C4<0>;
L_000001db210e48b0 .functor AND 1, v000001db21133810_0, L_000001db210d5c00, C4<1>, C4<1>;
L_000001db210e4a00 .functor NOT 1, v000001db211339f0_0, C4<0>, C4<0>, C4<0>;
L_000001db210e4920 .functor AND 1, L_000001db210e48b0, L_000001db210e4a00, C4<1>, C4<1>;
L_000001db210e4bc0 .functor OR 1, L_000001db20e7e1c0, L_000001db210e4920, C4<0>, C4<0>;
L_000001db210e45a0 .functor AND 1, v000001db21133810_0, v000001db211334f0_0, C4<1>, C4<1>;
L_000001db210e4ae0 .functor AND 1, L_000001db210e45a0, v000001db211339f0_0, C4<1>, C4<1>;
L_000001db210e4c30 .functor AND 1, L_000001db210e4ae0, v000001db211333b0_0, C4<1>, C4<1>;
L_000001db210e4760 .functor OR 1, L_000001db210e4bc0, L_000001db210e4c30, C4<0>, C4<0>;
v000001db210d61c0_0 .net "A", 0 0, v000001db21133810_0;  1 drivers
v000001db20e73720_0 .net "B", 0 0, v000001db211334f0_0;  1 drivers
v000001db210e7410_0 .net "C", 0 0, v000001db211339f0_0;  1 drivers
v000001db210d67e0_0 .net "D", 0 0, v000001db211333b0_0;  1 drivers
v000001db21133090_0 .net "F", 0 0, L_000001db210e4760;  alias, 1 drivers
v000001db21133770_0 .net *"_ivl_0", 0 0, L_000001db20e738c0;  1 drivers
v000001db21133950_0 .net *"_ivl_10", 0 0, L_000001db210e4a00;  1 drivers
v000001db21133130_0 .net *"_ivl_12", 0 0, L_000001db210e4920;  1 drivers
v000001db211338b0_0 .net *"_ivl_14", 0 0, L_000001db210e4bc0;  1 drivers
v000001db21133310_0 .net *"_ivl_16", 0 0, L_000001db210e45a0;  1 drivers
v000001db21133590_0 .net *"_ivl_18", 0 0, L_000001db210e4ae0;  1 drivers
v000001db21133db0_0 .net *"_ivl_2", 0 0, L_000001db20e73960;  1 drivers
v000001db21133270_0 .net *"_ivl_20", 0 0, L_000001db210e4c30;  1 drivers
v000001db21133b30_0 .net *"_ivl_4", 0 0, L_000001db20e7e1c0;  1 drivers
v000001db211331d0_0 .net *"_ivl_6", 0 0, L_000001db210d5c00;  1 drivers
v000001db21133d10_0 .net *"_ivl_8", 0 0, L_000001db210e48b0;  1 drivers
    .scope S_000001db210d64c0;
T_0 ;
    %vpi_call 2 20 "$dumpfile", "boolean_func.vcd" {0 0 0};
    %vpi_call 2 23 "$dumpvars", 32'sb00000000000000000000000000000000, S_000001db210d64c0 {0 0 0};
    %vpi_call 2 28 "$display", "A B C D | Dataflow" {0 0 0};
    %vpi_call 2 29 "$display", "-------------------------------" {0 0 0};
    %pushi/vec4 0, 0, 32;
    %store/vec4 v000001db21133e50_0, 0, 32;
T_0.0 ;
    %load/vec4 v000001db21133e50_0;
    %cmpi/s 16, 0, 32;
    %jmp/0xz T_0.1, 5;
    %load/vec4 v000001db21133e50_0;
    %pad/s 4;
    %split/vec4 1;
    %store/vec4 v000001db211333b0_0, 0, 1;
    %split/vec4 1;
    %store/vec4 v000001db211339f0_0, 0, 1;
    %split/vec4 1;
    %store/vec4 v000001db211334f0_0, 0, 1;
    %store/vec4 v000001db21133810_0, 0, 1;
    %delay 10000, 0;
    %vpi_call 2 34 "$display", "%b %b %b %b |    %b         %b", v000001db21133810_0, v000001db211334f0_0, v000001db211339f0_0, v000001db211333b0_0, v000001db21133630_0, v000001db211336d0_0 {0 0 0};
    %load/vec4 v000001db21133e50_0;
    %addi 1, 0, 32;
    %store/vec4 v000001db21133e50_0, 0, 32;
    %jmp T_0.0;
T_0.1 ;
    %vpi_call 2 38 "$finish" {0 0 0};
    %end;
    .thread T_0;
# The file index is used to find the file name in the following table.
:file_names 4;
    "N/A";
    "<interactive>";
    "combination_tb.v";
    "combination.v";
